<?xml version="1.0" encoding="UTF-8"?>
<!-- Generated by org.testng.reporters.JUnitReportReporter -->
<testsuite hostname="DESKTOP-UUTK1KU" failures="0" tests="1" name="com.swiggy.teststeps.TestRunner" time="78.977" errors="0" timestamp="2023-08-01T15:37:52 IST" skipped="0">
  <testcase classname="com.swiggy.teststeps.TestRunner" name="runScenario" time="78.977"/>
  <system-out/>
</testsuite> <!-- com.swiggy.teststeps.TestRunner -->
